<?xml version="1.0" encoding="UTF-8"?>
<!-- Generated by org.testng.reporters.JUnitXMLReporter -->
<testsuite ignored="0" hostname="sravs" failures="1" tests="11" name="Test" time="90.489" errors="0" timestamp="2023-10-04T13:45:57 IST">
  <testcase classname="Excelr.OrderAnItem" name="OrderByAddtoCart" time="9.221"/>
  <testcase classname="Excelr.Order_ByClickingImage" name="OrderByAddtoCart" time="1.209"/>
  <testcase classname="Excelr.LoginPageTest" name="LoginTest" time="2.348">
    <failure type="java.lang.AssertionError" message="expected [true] but found [false]">
      <![CDATA[java.lang.AssertionError: expected [true] but found [false]
at Excelr.LoginPageTest.LoginTest(LoginPageTest.java:47)
at java.base/java.util.ArrayList.forEach(ArrayList.java:1511)
... Removed 31 stack frames]]>
    </failure>
  </testcase> <!-- LoginTest -->
  <testcase classname="Excelr.LoginPageTest" name="LoginTest" time="2.327"/>
  <testcase classname="Excelr.LoginPageTest" name="LoginTest" time="2.205"/>
  <testcase classname="Excelr.LoginPageTest" name="LoginTest" time="2.212"/>
  <testcase classname="Excelr.LoginPageTest" name="LoginTest" time="2.218"/>
  <testcase classname="Excelr.LoginPageTest" name="LoginTest" time="2.224"/>
  <testcase classname="Excelr.LoginPageTest" name="LoginTest" time="2.185"/>
  <testcase classname="Excelr.LoginPageTest" name="LoginTest" time="2.205"/>
  <testcase classname="Excelr.Order_byClickingProductName" name="OrderByAddtoCart" time="9.018"/>
</testsuite> <!-- Test -->
