<?xml version="1.0" encoding="UTF-8"?>
<testng-results ignored="0" total="11" passed="10" failed="1" skipped="0">
  <reporter-output>
  </reporter-output>
  <suite started-at="2023-10-04T13:44:27 IST" name="Suite" finished-at="2023-10-04T13:45:57 IST" duration-ms="90489">
    <groups>
    </groups>
    <test started-at="2023-10-04T13:44:27 IST" name="Test" finished-at="2023-10-04T13:45:57 IST" duration-ms="90489">
      <class name="Excelr.Order_ByClickingImage">
        <test-method is-config="true" signature="setup()[pri:0, instance:Excelr.Order_ByClickingImage@4f49f6af]" started-at="2023-10-04T13:45:22 IST" name="setup" finished-at="2023-10-04T13:45:23 IST" duration-ms="939" status="PASS">
          <reporter-output>
          </reporter-output>
        </test-method> <!-- setup -->
        <test-method is-config="true" signature="launchurl()[pri:0, instance:Excelr.Order_ByClickingImage@4f49f6af]" started-at="2023-10-04T13:45:23 IST" name="launchurl" finished-at="2023-10-04T13:45:23 IST" duration-ms="519" status="PASS">
          <reporter-output>
          </reporter-output>
        </test-method> <!-- launchurl -->
        <test-method signature="OrderByAddtoCart()[pri:0, instance:Excelr.Order_ByClickingImage@4f49f6af]" started-at="2023-10-04T13:45:23 IST" name="OrderByAddtoCart" finished-at="2023-10-04T13:45:25 IST" duration-ms="1209" status="PASS">
          <reporter-output>
          </reporter-output>
        </test-method> <!-- OrderByAddtoCart -->
        <test-method is-config="true" signature="Close()[pri:0, instance:Excelr.Order_ByClickingImage@4f49f6af]" started-at="2023-10-04T13:45:25 IST" name="Close" finished-at="2023-10-04T13:45:25 IST" duration-ms="170" status="PASS">
          <reporter-output>
          </reporter-output>
        </test-method> <!-- Close -->
      </class> <!-- Excelr.Order_ByClickingImage -->
      <class name="Excelr.LoginPageTest">
        <test-method is-config="true" signature="setup()[pri:0, instance:Excelr.LoginPageTest@78452606]" started-at="2023-10-04T13:45:25 IST" name="setup" finished-at="2023-10-04T13:45:26 IST" duration-ms="964" status="PASS">
          <reporter-output>
          </reporter-output>
        </test-method> <!-- setup -->
        <test-method is-config="true" signature="launchurl()[pri:0, instance:Excelr.LoginPageTest@78452606]" started-at="2023-10-04T13:45:28 IST" name="launchurl" finished-at="2023-10-04T13:45:28 IST" duration-ms="499" status="PASS">
          <reporter-output>
          </reporter-output>
        </test-method> <!-- launchurl -->
        <test-method signature="LoginTest(java.lang.String,java.lang.String,java.lang.String)[pri:0, instance:Excelr.LoginPageTest@78452606]" started-at="2023-10-04T13:45:28 IST" name="LoginTest" data-provider="Logindata" finished-at="2023-10-04T13:45:30 IST" duration-ms="2348" status="FAIL">
          <params>
            <param index="0">
              <value>
                <![CDATA[standard_user]]>
              </value>
            </param>
            <param index="1">
              <value>
                <![CDATA[secret_sauce]]>
              </value>
            </param>
            <param index="2">
              <value>
                <![CDATA[Valid]]>
              </value>
            </param>
          </params>
          <exception class="java.lang.AssertionError">
            <message>
              <![CDATA[expected [true] but found [false]]]>
            </message>
            <full-stacktrace>
              <![CDATA[java.lang.AssertionError: expected [true] but found [false]
at org.testng.Assert.fail(Assert.java:111)
at org.testng.Assert.failNotEquals(Assert.java:1578)
at org.testng.Assert.assertTrue(Assert.java:57)
at org.testng.Assert.assertTrue(Assert.java:67)
at Excelr.LoginPageTest.LoginTest(LoginPageTest.java:47)
at java.base/jdk.internal.reflect.NativeMethodAccessorImpl.invoke0(Native Method)
at java.base/jdk.internal.reflect.NativeMethodAccessorImpl.invoke(NativeMethodAccessorImpl.java:77)
at java.base/jdk.internal.reflect.DelegatingMethodAccessorImpl.invoke(DelegatingMethodAccessorImpl.java:43)
at java.base/java.lang.reflect.Method.invoke(Method.java:568)
at org.testng.internal.invokers.MethodInvocationHelper.invokeMethod(MethodInvocationHelper.java:139)
at org.testng.internal.invokers.TestInvoker.invokeMethod(TestInvoker.java:664)
at org.testng.internal.invokers.TestInvoker.invokeTestMethod(TestInvoker.java:227)
at org.testng.internal.invokers.MethodRunner.runInSequence(MethodRunner.java:50)
at org.testng.internal.invokers.TestInvoker$MethodInvocationAgent.invoke(TestInvoker.java:957)
at org.testng.internal.invokers.TestInvoker.invokeTestMethods(TestInvoker.java:200)
at org.testng.internal.invokers.TestMethodWorker.invokeTestMethods(TestMethodWorker.java:148)
at org.testng.internal.invokers.TestMethodWorker.run(TestMethodWorker.java:128)
at java.base/java.util.ArrayList.forEach(ArrayList.java:1511)
at org.testng.TestRunner.privateRun(TestRunner.java:848)
at org.testng.TestRunner.run(TestRunner.java:621)
at org.testng.SuiteRunner.runTest(SuiteRunner.java:443)
at org.testng.SuiteRunner.runSequentially(SuiteRunner.java:437)
at org.testng.SuiteRunner.privateRun(SuiteRunner.java:397)
at org.testng.SuiteRunner.run(SuiteRunner.java:336)
at org.testng.SuiteRunnerWorker.runSuite(SuiteRunnerWorker.java:52)
at org.testng.SuiteRunnerWorker.run(SuiteRunnerWorker.java:95)
at org.testng.TestNG.runSuitesSequentially(TestNG.java:1280)
at org.testng.TestNG.runSuitesLocally(TestNG.java:1200)
at org.testng.TestNG.runSuites(TestNG.java:1114)
at org.testng.TestNG.run(TestNG.java:1082)
at org.testng.remote.AbstractRemoteTestNG.run(AbstractRemoteTestNG.java:115)
at org.testng.remote.RemoteTestNG.initAndRun(RemoteTestNG.java:251)
at org.testng.remote.RemoteTestNG.main(RemoteTestNG.java:77)
]]>
            </full-stacktrace>
          </exception> <!-- java.lang.AssertionError -->
          <reporter-output>
          </reporter-output>
        </test-method> <!-- LoginTest -->
        <test-method is-config="true" signature="launchurl()[pri:0, instance:Excelr.LoginPageTest@78452606]" started-at="2023-10-04T13:45:30 IST" name="launchurl" finished-at="2023-10-04T13:45:31 IST" duration-ms="124" status="PASS">
          <reporter-output>
          </reporter-output>
        </test-method> <!-- launchurl -->
        <test-method signature="LoginTest(java.lang.String,java.lang.String,java.lang.String)[pri:0, instance:Excelr.LoginPageTest@78452606]" started-at="2023-10-04T13:45:31 IST" name="LoginTest" data-provider="Logindata" finished-at="2023-10-04T13:45:33 IST" duration-ms="2327" status="PASS">
          <params>
            <param index="0">
              <value>
                <![CDATA[standard_user]]>
              </value>
            </param>
            <param index="1">
              <value>
                <![CDATA[efdg]]>
              </value>
            </param>
            <param index="2">
              <value>
                <![CDATA[Invalid]]>
              </value>
            </param>
          </params>
          <reporter-output>
          </reporter-output>
        </test-method> <!-- LoginTest -->
        <test-method is-config="true" signature="launchurl()[pri:0, instance:Excelr.LoginPageTest@78452606]" started-at="2023-10-04T13:45:33 IST" name="launchurl" finished-at="2023-10-04T13:45:33 IST" duration-ms="48" status="PASS">
          <reporter-output>
          </reporter-output>
        </test-method> <!-- launchurl -->
        <test-method signature="LoginTest(java.lang.String,java.lang.String,java.lang.String)[pri:0, instance:Excelr.LoginPageTest@78452606]" started-at="2023-10-04T13:45:33 IST" name="LoginTest" data-provider="Logindata" finished-at="2023-10-04T13:45:35 IST" duration-ms="2205" status="PASS">
          <params>
            <param index="0">
              <value>
                <![CDATA[standard_user]]>
              </value>
            </param>
            <param index="1">
              <value>
                <![CDATA[]]>
              </value>
            </param>
            <param index="2">
              <value>
                <![CDATA[Invalid]]>
              </value>
            </param>
          </params>
          <reporter-output>
          </reporter-output>
        </test-method> <!-- LoginTest -->
        <test-method is-config="true" signature="launchurl()[pri:0, instance:Excelr.LoginPageTest@78452606]" started-at="2023-10-04T13:45:35 IST" name="launchurl" finished-at="2023-10-04T13:45:35 IST" duration-ms="49" status="PASS">
          <reporter-output>
          </reporter-output>
        </test-method> <!-- launchurl -->
        <test-method signature="LoginTest(java.lang.String,java.lang.String,java.lang.String)[pri:0, instance:Excelr.LoginPageTest@78452606]" started-at="2023-10-04T13:45:35 IST" name="LoginTest" data-provider="Logindata" finished-at="2023-10-04T13:45:37 IST" duration-ms="2212" status="PASS">
          <params>
            <param index="0">
              <value>
                <![CDATA[abcd]]>
              </value>
            </param>
            <param index="1">
              <value>
                <![CDATA[secret_sauce]]>
              </value>
            </param>
            <param index="2">
              <value>
                <![CDATA[Invalid]]>
              </value>
            </param>
          </params>
          <reporter-output>
          </reporter-output>
        </test-method> <!-- LoginTest -->
        <test-method is-config="true" signature="launchurl()[pri:0, instance:Excelr.LoginPageTest@78452606]" started-at="2023-10-04T13:45:37 IST" name="launchurl" finished-at="2023-10-04T13:45:37 IST" duration-ms="52" status="PASS">
          <reporter-output>
          </reporter-output>
        </test-method> <!-- launchurl -->
        <test-method signature="LoginTest(java.lang.String,java.lang.String,java.lang.String)[pri:0, instance:Excelr.LoginPageTest@78452606]" started-at="2023-10-04T13:45:37 IST" name="LoginTest" data-provider="Logindata" finished-at="2023-10-04T13:45:40 IST" duration-ms="2218" status="PASS">
          <params>
            <param index="0">
              <value>
                <![CDATA[]]>
              </value>
            </param>
            <param index="1">
              <value>
                <![CDATA[secret_sauce]]>
              </value>
            </param>
            <param index="2">
              <value>
                <![CDATA[Invalid]]>
              </value>
            </param>
          </params>
          <reporter-output>
          </reporter-output>
        </test-method> <!-- LoginTest -->
        <test-method is-config="true" signature="launchurl()[pri:0, instance:Excelr.LoginPageTest@78452606]" started-at="2023-10-04T13:45:40 IST" name="launchurl" finished-at="2023-10-04T13:45:40 IST" duration-ms="49" status="PASS">
          <reporter-output>
          </reporter-output>
        </test-method> <!-- launchurl -->
        <test-method signature="LoginTest(java.lang.String,java.lang.String,java.lang.String)[pri:0, instance:Excelr.LoginPageTest@78452606]" started-at="2023-10-04T13:45:40 IST" name="LoginTest" data-provider="Logindata" finished-at="2023-10-04T13:45:42 IST" duration-ms="2224" status="PASS">
          <params>
            <param index="0">
              <value>
                <![CDATA[abcd]]>
              </value>
            </param>
            <param index="1">
              <value>
                <![CDATA[efgh]]>
              </value>
            </param>
            <param index="2">
              <value>
                <![CDATA[Invalid]]>
              </value>
            </param>
          </params>
          <reporter-output>
          </reporter-output>
        </test-method> <!-- LoginTest -->
        <test-method is-config="true" signature="launchurl()[pri:0, instance:Excelr.LoginPageTest@78452606]" started-at="2023-10-04T13:45:42 IST" name="launchurl" finished-at="2023-10-04T13:45:42 IST" duration-ms="45" status="PASS">
          <reporter-output>
          </reporter-output>
        </test-method> <!-- launchurl -->
        <test-method signature="LoginTest(java.lang.String,java.lang.String,java.lang.String)[pri:0, instance:Excelr.LoginPageTest@78452606]" started-at="2023-10-04T13:45:42 IST" name="LoginTest" data-provider="Logindata" finished-at="2023-10-04T13:45:44 IST" duration-ms="2185" status="PASS">
          <params>
            <param index="0">
              <value>
                <![CDATA[]]>
              </value>
            </param>
            <param index="1">
              <value>
                <![CDATA[]]>
              </value>
            </param>
            <param index="2">
              <value>
                <![CDATA[Invalid]]>
              </value>
            </param>
          </params>
          <reporter-output>
          </reporter-output>
        </test-method> <!-- LoginTest -->
        <test-method is-config="true" signature="launchurl()[pri:0, instance:Excelr.LoginPageTest@78452606]" started-at="2023-10-04T13:45:44 IST" name="launchurl" finished-at="2023-10-04T13:45:44 IST" duration-ms="41" status="PASS">
          <reporter-output>
          </reporter-output>
        </test-method> <!-- launchurl -->
        <test-method signature="LoginTest(java.lang.String,java.lang.String,java.lang.String)[pri:0, instance:Excelr.LoginPageTest@78452606]" started-at="2023-10-04T13:45:44 IST" name="LoginTest" data-provider="Logindata" finished-at="2023-10-04T13:45:46 IST" duration-ms="2205" status="PASS">
          <params>
            <param index="0">
              <value>
                <![CDATA[1234]]>
              </value>
            </param>
            <param index="1">
              <value>
                <![CDATA[1211]]>
              </value>
            </param>
            <param index="2">
              <value>
                <![CDATA[Invalid]]>
              </value>
            </param>
          </params>
          <reporter-output>
          </reporter-output>
        </test-method> <!-- LoginTest -->
        <test-method is-config="true" signature="Close()[pri:0, instance:Excelr.LoginPageTest@78452606]" started-at="2023-10-04T13:45:46 IST" name="Close" finished-at="2023-10-04T13:45:47 IST" duration-ms="156" status="PASS">
          <reporter-output>
          </reporter-output>
        </test-method> <!-- Close -->
      </class> <!-- Excelr.LoginPageTest -->
      <class name="Excelr.OrderAnItem">
        <test-method is-config="true" signature="setup()[pri:0, instance:Excelr.OrderAnItem@2fb0623e]" started-at="2023-10-04T13:44:27 IST" name="setup" finished-at="2023-10-04T13:45:12 IST" duration-ms="45229" status="PASS">
          <reporter-output>
          </reporter-output>
        </test-method> <!-- setup -->
        <test-method is-config="true" signature="launchurl()[pri:0, instance:Excelr.OrderAnItem@2fb0623e]" started-at="2023-10-04T13:45:12 IST" name="launchurl" finished-at="2023-10-04T13:45:12 IST" duration-ms="609" status="PASS">
          <reporter-output>
          </reporter-output>
        </test-method> <!-- launchurl -->
        <test-method signature="OrderByAddtoCart()[pri:0, instance:Excelr.OrderAnItem@2fb0623e]" started-at="2023-10-04T13:45:12 IST" name="OrderByAddtoCart" finished-at="2023-10-04T13:45:22 IST" duration-ms="9221" status="PASS">
          <reporter-output>
          </reporter-output>
        </test-method> <!-- OrderByAddtoCart -->
        <test-method is-config="true" signature="Close()[pri:0, instance:Excelr.OrderAnItem@2fb0623e]" started-at="2023-10-04T13:45:22 IST" name="Close" finished-at="2023-10-04T13:45:22 IST" duration-ms="255" status="PASS">
          <reporter-output>
          </reporter-output>
        </test-method> <!-- Close -->
      </class> <!-- Excelr.OrderAnItem -->
      <class name="Excelr.Order_byClickingProductName">
        <test-method is-config="true" signature="setup()[pri:0, instance:Excelr.Order_byClickingProductName@147e2ae7]" started-at="2023-10-04T13:45:47 IST" name="setup" finished-at="2023-10-04T13:45:47 IST" duration-ms="863" status="PASS">
          <reporter-output>
          </reporter-output>
        </test-method> <!-- setup -->
        <test-method is-config="true" signature="launchurl()[pri:0, instance:Excelr.Order_byClickingProductName@147e2ae7]" started-at="2023-10-04T13:45:47 IST" name="launchurl" finished-at="2023-10-04T13:45:48 IST" duration-ms="426" status="PASS">
          <reporter-output>
          </reporter-output>
        </test-method> <!-- launchurl -->
        <test-method signature="OrderByAddtoCart()[pri:0, instance:Excelr.Order_byClickingProductName@147e2ae7]" started-at="2023-10-04T13:45:48 IST" name="OrderByAddtoCart" finished-at="2023-10-04T13:45:57 IST" duration-ms="9018" status="PASS">
          <reporter-output>
          </reporter-output>
        </test-method> <!-- OrderByAddtoCart -->
        <test-method is-config="true" signature="Close()[pri:0, instance:Excelr.Order_byClickingProductName@147e2ae7]" started-at="2023-10-04T13:45:57 IST" name="Close" finished-at="2023-10-04T13:45:57 IST" duration-ms="172" status="PASS">
          <reporter-output>
          </reporter-output>
        </test-method> <!-- Close -->
      </class> <!-- Excelr.Order_byClickingProductName -->
    </test> <!-- Test -->
  </suite> <!-- Suite -->
</testng-results>
